<?xml version="1.0" encoding="utf-8"?><testsuites name="pytest tests"><testsuite name="pytest" errors="0" failures="0" skipped="0" tests="18" time="2.980" timestamp="2026-07-11T07:55:10.464112+00:00" hostname="agent-env-b9f3dbf8-578c-413c-9b30-9ac416036c9e"><testcase classname="backend.tests.test_camera_streams.TestCreate" name="test_requires_admin" time="1.056" /><testcase classname="backend.tests.test_camera_streams.TestCreate" name="test_youtube_url_autodetect_and_embed" time="0.113" /><testcase classname="backend.tests.test_camera_streams.TestCreate" name="test_mp4_url_autodetect" time="0.039" /><testcase classname="backend.tests.test_camera_streams.TestCreate" name="test_upsert_on_same_hardware_id" time="0.117" /><testcase classname="backend.tests.test_camera_streams.TestCreate" name="test_unknown_hardware_id_404" time="0.037" /><testcase classname="backend.tests.test_camera_streams.TestGetByDevice" name="test_null_when_no_camera" time="0.124" /><testcase classname="backend.tests.test_camera_streams.TestGetByDevice" name="test_returns_camera_when_configured" time="0.158" /><testcase classname="backend.tests.test_camera_streams.TestGetByDevice" name="test_non_owner_client_gets_403" time="0.038" /><testcase classname="backend.tests.test_camera_streams.TestUpdate" name="test_admin_update_re_detects_type" time="0.158" /><testcase classname="backend.tests.test_camera_streams.TestUpdate" name="test_non_admin_forbidden" time="0.037" /><testcase classname="backend.tests.test_camera_streams.TestUpdate" name="test_update_missing_camera_404" time="0.038" /><testcase classname="backend.tests.test_camera_streams.TestDelete" name="test_non_admin_forbidden" time="0.115" /><testcase classname="backend.tests.test_camera_streams.TestDelete" name="test_admin_can_delete" time="0.166" /><testcase classname="backend.tests.test_camera_streams.TestDelete" name="test_delete_missing_returns_404" time="0.078" /><testcase classname="backend.tests.test_camera_streams.TestListScoping" name="test_admin_sees_all" time="0.154" /><testcase classname="backend.tests.test_camera_streams.TestListScoping" name="test_client_sees_only_owned" time="0.154" /><testcase classname="backend.tests.test_camera_streams.TestWaterQualityLatestPlaceholder" name="test_do_test_001_appears" time="0.040" /><testcase classname="backend.tests.test_camera_streams.TestWaterQualityLatestPlaceholder" name="test_placeholder_for_registered_but_unreported_device" time="0.273" /></testsuite></testsuites>