<?xml version="1.0" encoding="utf-8"?><testsuites name="pytest tests"><testsuite name="pytest" errors="0" failures="0" skipped="0" tests="13" time="7.149" timestamp="2026-07-22T11:11:08.796305+00:00" hostname="agent-env-16e9ab90-197e-4fd4-9bc8-12f66012085a"><testcase classname="backend.tests.test_iter_admin_traffic.TestFlowmeterStatusShape" name="test_status_has_required_keys" time="0.178" /><testcase classname="backend.tests.test_iter_admin_traffic.TestQesplTraffic" name="test_traffic_admin_shape" time="0.447" /><testcase classname="backend.tests.test_iter_admin_traffic.TestQesplTraffic" name="test_traffic_client_forbidden" time="0.436" /><testcase classname="backend.tests.test_iter_admin_traffic.TestQesplTraffic" name="test_traffic_no_auth_forbidden" time="0.106" /><testcase classname="backend.tests.test_iter_admin_traffic.TestQesplRunNow" name="test_run_now_admin_success" time="2.332" /><testcase classname="backend.tests.test_iter_admin_traffic.TestQesplRunNow" name="test_run_now_client_forbidden" time="0.097" /><testcase classname="backend.tests.test_iter_admin_traffic.TestQesplRunNow" name="test_run_now_no_auth_forbidden" time="0.133" /><testcase classname="backend.tests.test_iter_admin_traffic.TestInstrumentRegistryGuard" name="test_client_cannot_post_registry" time="0.102" /><testcase classname="backend.tests.test_iter_admin_traffic.TestInstrumentRegistryGuard" name="test_no_auth_cannot_post_registry" time="0.092" /><testcase classname="backend.tests.test_iter_admin_traffic.TestAccessRequests" name="test_client_can_submit_access_request" time="2.802" /><testcase classname="backend.tests.test_iter_admin_traffic.TestAccessRequests" name="test_no_auth_access_request_blocked" time="0.153" /><testcase classname="backend.tests.test_iter_admin_traffic.TestAccessRequests" name="test_access_request_validation" time="0.092" /><testcase classname="backend.tests.test_iter_admin_traffic.TestRegisteredDtus" name="test_two_dtus_registered_as_dometer" time="0.098" /></testsuite></testsuites>