<?xml version="1.0" encoding="utf-8"?><testsuites name="pytest tests"><testsuite name="pytest" errors="0" failures="0" skipped="0" tests="14" time="1.839" timestamp="2026-07-11T09:12:22.399491+00:00" hostname="agent-env-b9f3dbf8-578c-413c-9b30-9ac416036c9e"><testcase classname="backend.tests.test_iteration5_privacy.TestLatestSanitization" name="test_admin_sees_full_stp_config_and_energy_mode" time="0.537" /><testcase classname="backend.tests.test_iteration5_privacy.TestLatestSanitization" name="test_admin_sees_aeration_uploaded_by_at" time="0.049" /><testcase classname="backend.tests.test_iteration5_privacy.TestLatestSanitization" name="test_client_stp_config_stripped" time="0.323" /><testcase classname="backend.tests.test_iteration5_privacy.TestLatestSanitization" name="test_client_stp_derived_minimal" time="0.051" /><testcase classname="backend.tests.test_iteration5_privacy.TestLatestSanitization" name="test_client_aeration_uploaded_meta_stripped" time="0.052" /><testcase classname="backend.tests.test_iteration5_privacy.TestStpConfigAdminOnly" name="test_client_forbidden" time="0.047" /><testcase classname="backend.tests.test_iteration5_privacy.TestStpConfigAdminOnly" name="test_admin_ok" time="0.047" /><testcase classname="backend.tests.test_iteration5_privacy.TestCameraStreamClientView" name="test_client_gets_stream_without_admin_fields" time="0.049" /><testcase classname="backend.tests.test_iteration5_privacy.TestCameraStreamClientView" name="test_admin_gets_full_stream" time="0.046" /><testcase classname="backend.tests.test_iteration5_privacy.TestCameraUpload" name="test_client_forbidden" time="0.093" /><testcase classname="backend.tests.test_iteration5_privacy.TestCameraUpload" name="test_bad_extension_400" time="0.101" /><testcase classname="backend.tests.test_iteration5_privacy.TestCameraUpload" name="test_admin_upload_success" time="0.197" /><testcase classname="backend.tests.test_iteration5_privacy.TestIntegrationConfig" name="test_admin_can_set_integration_fields" time="0.046" /><testcase classname="backend.tests.test_iteration5_privacy.TestIntegrationConfig" name="test_client_does_not_see_integration_config" time="0.140" /></testsuite></testsuites>