<?xml version="1.0" encoding="utf-8"?><testsuites name="pytest tests"><testsuite name="pytest" errors="0" failures="0" skipped="0" tests="26" time="7.723" timestamp="2026-07-11T14:27:32.668171+00:00" hostname="agent-env-b9f3dbf8-578c-413c-9b30-9ac416036c9e"><testcase classname="backend.tests.test_iteration6_wq.TestDoTankConfigEndpoint" name="test_admin_can_save" time="0.449" /><testcase classname="backend.tests.test_iteration6_wq.TestDoTankConfigEndpoint" name="test_stp_device_rejected" time="0.106" /><testcase classname="backend.tests.test_iteration6_wq.TestDoTankConfigEndpoint" name="test_client_forbidden" time="0.441" /><testcase classname="backend.tests.test_iteration6_wq.TestDoTankConfigEndpoint" name="test_unknown_device_404" time="0.095" /><testcase classname="backend.tests.test_iteration6_wq.TestLatestDoTankConfigVisibility" name="test_admin_sees_full_config" time="0.180" /><testcase classname="backend.tests.test_iteration6_wq.TestLatestDoTankConfigVisibility" name="test_client_sees_sanitized_config" time="0.510" /><testcase classname="backend.tests.test_iteration6_wq.TestStpConfigParamRanges" name="test_admin_can_save_ranges_and_toggle_on" time="0.100" /><testcase classname="backend.tests.test_iteration6_wq.TestStpConfigParamRanges" name="test_registry_dummy_config_synced_on" time="0.091" /><testcase classname="backend.tests.test_iteration6_wq.TestStpConfigParamRanges" name="test_toggle_off_flips_dummy_config_off" time="0.304" /><testcase classname="backend.tests.test_iteration6_wq.TestStpConfigParamRanges" name="test_client_forbidden" time="0.095" /><testcase classname="backend.tests.test_iteration6_wq.TestDummyGeneratorRespectsRanges" name="test_five_readings_within_bands" time="0.127" /><testcase classname="backend.tests.test_iteration6_wq" name="test_restore_ownership_before_exit" time="0.225" /><testcase classname="backend.tests.test_iteration7_regression.TestWaterQualityLatest" name="test_admin_sees_devices_and_registry_fields" time="0.421" /><testcase classname="backend.tests.test_iteration7_regression.TestWaterQualityLatest" name="test_client_sanitization" time="2.173" /><testcase classname="backend.tests.test_iteration7_regression.TestStpConfig" name="test_put_saves_param_ranges_and_toggles_dummy_on" time="0.208" /><testcase classname="backend.tests.test_iteration7_regression.TestStpConfig" name="test_toggle_off_flips_registry_off" time="0.308" /><testcase classname="backend.tests.test_iteration7_regression.TestStpConfig" name="test_client_get_stp_config_403" time="0.097" /><testcase classname="backend.tests.test_iteration7_regression.TestStpConfig" name="test_client_put_stp_config_403" time="0.093" /><testcase classname="backend.tests.test_iteration7_regression.TestDoTankConfig" name="test_admin_saves_ok" time="0.096" /><testcase classname="backend.tests.test_iteration7_regression.TestDoTankConfig" name="test_stp_type_400" time="0.100" /><testcase classname="backend.tests.test_iteration7_regression.TestDoTankConfig" name="test_client_403" time="0.099" /><testcase classname="backend.tests.test_iteration7_regression.TestAerationVideo" name="test_upload_and_delete_tank_1" time="0.397" /><testcase classname="backend.tests.test_iteration7_regression.TestCameraStreams" name="test_admin_upload_returns_200" time="0.096" /><testcase classname="backend.tests.test_iteration7_regression.TestCameraStreams" name="test_client_sanitized_by_device" time="0.520" /><testcase classname="backend.tests.test_iteration7_regression.TestFlowmeterCategories" name="test_admin_get_categories" time="0.098" /><testcase classname="backend.tests.test_iteration7_regression" name="test_zzz_restore_ownership" time="0.197" /></testsuite></testsuites>