<?xml version="1.0" encoding="utf-8"?><testsuites name="pytest tests"><testsuite name="pytest" errors="0" failures="0" skipped="1" tests="19" time="4.939" timestamp="2026-07-31T18:28:05.143767+00:00" hostname="agent-env-b9f3dbf8-578c-413c-9b30-9ac416036c9e"><testcase classname="backend.tests.test_iteration19_view_perms_godmode.TestAdminLogin" name="test_login_with_email" time="0.375" /><testcase classname="backend.tests.test_iteration19_view_perms_godmode.TestAdminLogin" name="test_login_with_username" time="0.327" /><testcase classname="backend.tests.test_iteration19_view_perms_godmode.TestAdminLogin" name="test_me_returns_admin_role" time="0.455" /><testcase classname="backend.tests.test_iteration19_view_perms_godmode.TestViewPermissions" name="test_get_view_permissions_has_all_23_keys" time="0.231" /><testcase classname="backend.tests.test_iteration19_view_perms_godmode.TestViewPermissions" name="test_put_view_permissions_accepts_device_keys" time="0.108" /><testcase classname="backend.tests.test_iteration19_view_perms_godmode.TestViewPermissions" name="test_me_view_permissions_client" time="0.433" /><testcase classname="backend.tests.test_iteration19_view_perms_godmode.TestViewPermissions" name="test_me_view_permissions_admin_all_true" time="0.128" /><testcase classname="backend.tests.test_iteration19_view_perms_godmode.TestDeviceTypeEnforcement" name="test_client_registry_excludes_flowmeter_when_disabled" time="0.899" /><testcase classname="backend.tests.test_iteration19_view_perms_godmode.TestDeviceTypeEnforcement" name="test_admin_sees_all_devices_regardless" time="0.315" /><testcase classname="backend.tests.test_iteration19_view_perms_godmode.TestAdminGodMode" name="test_cannot_deactivate_admin" time="0.203" /><testcase classname="backend.tests.test_iteration19_view_perms_godmode.TestAdminGodMode" name="test_cannot_delete_admin" time="0.106" /><testcase classname="backend.tests.test_iteration19_view_perms_godmode.TestAdminGodMode" name="test_cannot_demote_admin" time="0.104" /><testcase classname="backend.tests.test_iteration19_view_perms_godmode.TestAdminGodMode" name="test_cannot_set_view_perms_on_admin" time="0.201" /><testcase classname="backend.tests.test_iteration19_view_perms_godmode.TestAdminGodMode" name="test_admin_still_active_and_admin_role_after_guards" time="0.429" /><testcase classname="backend.tests.test_iteration19_view_perms_godmode.TestWQConfigRefactor" name="test_wq_latest" time="0.103" /><testcase classname="backend.tests.test_iteration19_view_perms_godmode.TestWQConfigRefactor" name="test_wq_stp_config_admin" time="0.117"><skipped type="pytest.skip" message="no wq_stp device in registry">/app/backend/tests/test_iteration19_view_perms_godmode.py:267: no wq_stp device in registry</skipped></testcase><testcase classname="backend.tests.test_iteration19_view_perms_godmode.TestWQConfigRefactor" name="test_do_tank_config_put" time="0.102" /><testcase classname="backend.tests.test_iteration19_view_perms_godmode.TestWQConfigRefactor" name="test_wq_thresholds_put" time="0.097" /><testcase classname="backend.tests.test_iteration19_view_perms_godmode.TestWQConfigRefactor" name="test_wq_history_raw" time="0.113" /></testsuite></testsuites>