<?xml version="1.0" encoding="utf-8"?><testsuites name="pytest tests"><testsuite name="pytest" errors="0" failures="2" skipped="0" tests="49" time="16.484" timestamp="2026-07-14T15:41:03.301800+00:00" hostname="agent-env-b9f3dbf8-578c-413c-9b30-9ac416036c9e"><testcase classname="backend.tests.test_iteration8_regression.TestUserNotificationEmails" name="test_update_one_email_ok" time="0.637" /><testcase classname="backend.tests.test_iteration8_regression.TestUserNotificationEmails" name="test_update_two_emails_ok" time="0.201" /><testcase classname="backend.tests.test_iteration8_regression.TestUserNotificationEmails" name="test_update_three_emails_rejected" time="0.102" /><testcase classname="backend.tests.test_iteration8_regression.TestUserNotificationEmails" name="test_empty_array_clears" time="0.220" /><testcase classname="backend.tests.test_iteration8_regression.TestUserNotificationEmails" name="test_non_admin_put_403" time="0.471" /><testcase classname="backend.tests.test_iteration8_regression.TestUserNotificationEmails" name="test_create_user_three_emails_rejected" time="0.124" /><testcase classname="backend.tests.test_iteration8_regression.TestUserNotificationEmails" name="test_create_user_two_emails_ok" time="0.461" /><testcase classname="backend.tests.test_iteration8_regression.TestUserNotificationEmails" name="test_zzz_restore_client_notify" time="0.156" /><testcase classname="backend.tests.test_iteration8_regression.TestOfflineNotificationRecipients" name="test_check_and_notify_owner_plus_extras" time="4.218" /><testcase classname="backend.tests.test_iteration8_regression.TestDOReportTankFilter" name="test_csv_tank_1_only" time="0.193" /><testcase classname="backend.tests.test_iteration8_regression.TestDOReportTankFilter" name="test_csv_tank_2_only" time="0.121" /><testcase classname="backend.tests.test_iteration8_regression.TestDOReportTankFilter" name="test_csv_tank_both_default" time="0.115" /><testcase classname="backend.tests.test_iteration8_regression.TestDOReportTankFilter" name="test_csv_tank_omitted_returns_both" time="0.168" /><testcase classname="backend.tests.test_iteration8_regression.TestDOReportTankFilter" name="test_pdf_tank_1_only" time="0.123"><failure message="AssertionError: PDF filename missing tank suffix: wq_report_DO_TEST_001_20250714_20260714.pdf&#10;assert '_tank1' in 'wq_report_DO_TEST_001_20250714_20260714.pdf'">E   AssertionError: PDF filename missing tank suffix: wq_report_DO_TEST_001_20250714_20260714.pdf
    assert '_tank1' in 'wq_report_DO_TEST_001_20250714_20260714.pdf'</failure></testcase><testcase classname="backend.tests.test_iteration8_regression.TestDOReportTankFilter" name="test_pdf_tank_2_only" time="0.122"><failure message="AssertionError: PDF filename missing tank suffix: wq_report_DO_TEST_001_20250714_20260714.pdf&#10;assert '_tank2' in 'wq_report_DO_TEST_001_20250714_20260714.pdf'">E   AssertionError: PDF filename missing tank suffix: wq_report_DO_TEST_001_20250714_20260714.pdf
    assert '_tank2' in 'wq_report_DO_TEST_001_20250714_20260714.pdf'</failure></testcase><testcase classname="backend.tests.test_iteration8_regression.TestPerformance" name="test_water_quality_latest_perf" time="0.118" /><testcase classname="backend.tests.test_iteration8_regression.TestPerformance" name="test_dashboard_live_perf" time="0.285" /><testcase classname="backend.tests.test_iteration8_regression.TestPerformance" name="test_instrument_registry_perf" time="0.132" /><testcase classname="backend.tests.test_iteration8_regression.TestRegressionQuick" name="test_water_quality_latest_admin" time="0.124" /><testcase classname="backend.tests.test_iteration8_regression.TestRegressionQuick" name="test_client_sanitization_energy_stripped" time="0.560" /><testcase classname="backend.tests.test_iteration8_regression.TestRegressionQuick" name="test_flowmeter_mgmt_categories" time="0.111" /><testcase classname="backend.tests.test_iteration8_regression.TestRegressionQuick" name="test_camera_by_device_ok" time="0.103" /><testcase classname="backend.tests.test_iteration8_regression" name="test_zzz_restore_ownership" time="0.411" /><testcase classname="backend.tests.test_iteration7_regression.TestWaterQualityLatest" name="test_admin_sees_devices_and_registry_fields" time="0.485" /><testcase classname="backend.tests.test_iteration7_regression.TestWaterQualityLatest" name="test_client_sanitization" time="0.933" /><testcase classname="backend.tests.test_iteration7_regression.TestStpConfig" name="test_put_saves_param_ranges_and_toggles_dummy_on" time="0.231" /><testcase classname="backend.tests.test_iteration7_regression.TestStpConfig" name="test_toggle_off_flips_registry_off" time="0.324" /><testcase classname="backend.tests.test_iteration7_regression.TestStpConfig" name="test_client_get_stp_config_403" time="0.101" /><testcase classname="backend.tests.test_iteration7_regression.TestStpConfig" name="test_client_put_stp_config_403" time="0.119" /><testcase classname="backend.tests.test_iteration7_regression.TestDoTankConfig" name="test_admin_saves_ok" time="0.113" /><testcase classname="backend.tests.test_iteration7_regression.TestDoTankConfig" name="test_stp_type_400" time="0.127" /><testcase classname="backend.tests.test_iteration7_regression.TestDoTankConfig" name="test_client_403" time="0.152" /><testcase classname="backend.tests.test_iteration7_regression.TestAerationVideo" name="test_upload_and_delete_tank_1" time="0.490" /><testcase classname="backend.tests.test_iteration7_regression.TestCameraStreams" name="test_admin_upload_returns_200" time="0.163" /><testcase classname="backend.tests.test_iteration7_regression.TestCameraStreams" name="test_client_sanitized_by_device" time="0.584" /><testcase classname="backend.tests.test_iteration7_regression.TestFlowmeterCategories" name="test_admin_get_categories" time="0.128" /><testcase classname="backend.tests.test_iteration7_regression" name="test_zzz_restore_ownership" time="0.215" /><testcase classname="backend.tests.test_iteration6_wq.TestDoTankConfigEndpoint" name="test_admin_can_save" time="0.431" /><testcase classname="backend.tests.test_iteration6_wq.TestDoTankConfigEndpoint" name="test_stp_device_rejected" time="0.129" /><testcase classname="backend.tests.test_iteration6_wq.TestDoTankConfigEndpoint" name="test_client_forbidden" time="0.465" /><testcase classname="backend.tests.test_iteration6_wq.TestDoTankConfigEndpoint" name="test_unknown_device_404" time="0.115" /><testcase classname="backend.tests.test_iteration6_wq.TestLatestDoTankConfigVisibility" name="test_admin_sees_full_config" time="0.224" /><testcase classname="backend.tests.test_iteration6_wq.TestLatestDoTankConfigVisibility" name="test_client_sees_sanitized_config" time="0.539" /><testcase classname="backend.tests.test_iteration6_wq.TestStpConfigParamRanges" name="test_admin_can_save_ranges_and_toggle_on" time="0.119" /><testcase classname="backend.tests.test_iteration6_wq.TestStpConfigParamRanges" name="test_registry_dummy_config_synced_on" time="0.151" /><testcase classname="backend.tests.test_iteration6_wq.TestStpConfigParamRanges" name="test_toggle_off_flips_dummy_config_off" time="0.344" /><testcase classname="backend.tests.test_iteration6_wq.TestStpConfigParamRanges" name="test_client_forbidden" time="0.104" /><testcase classname="backend.tests.test_iteration6_wq.TestDummyGeneratorRespectsRanges" name="test_five_readings_within_bands" time="0.029" /><testcase classname="backend.tests.test_iteration6_wq" name="test_restore_ownership_before_exit" time="0.241" /></testsuite></testsuites>