<?xml version="1.0" encoding="utf-8"?><testsuites name="pytest tests"><testsuite name="pytest" errors="0" failures="0" skipped="0" tests="14" time="3.702" timestamp="2026-07-11T14:24:43.673065+00:00" hostname="agent-env-b9f3dbf8-578c-413c-9b30-9ac416036c9e"><testcase classname="backend.tests.test_iteration7_regression.TestWaterQualityLatest" name="test_admin_sees_devices_and_registry_fields" time="0.477" /><testcase classname="backend.tests.test_iteration7_regression.TestWaterQualityLatest" name="test_client_sanitization" time="0.807" /><testcase classname="backend.tests.test_iteration7_regression.TestStpConfig" name="test_put_saves_param_ranges_and_toggles_dummy_on" time="0.219" /><testcase classname="backend.tests.test_iteration7_regression.TestStpConfig" name="test_toggle_off_flips_registry_off" time="0.315" /><testcase classname="backend.tests.test_iteration7_regression.TestStpConfig" name="test_client_get_stp_config_403" time="0.098" /><testcase classname="backend.tests.test_iteration7_regression.TestStpConfig" name="test_client_put_stp_config_403" time="0.092" /><testcase classname="backend.tests.test_iteration7_regression.TestDoTankConfig" name="test_admin_saves_ok" time="0.111" /><testcase classname="backend.tests.test_iteration7_regression.TestDoTankConfig" name="test_stp_type_400" time="0.098" /><testcase classname="backend.tests.test_iteration7_regression.TestDoTankConfig" name="test_client_403" time="0.102" /><testcase classname="backend.tests.test_iteration7_regression.TestAerationVideo" name="test_upload_and_delete_tank_1" time="0.418" /><testcase classname="backend.tests.test_iteration7_regression.TestCameraStreams" name="test_admin_upload_returns_200" time="0.102" /><testcase classname="backend.tests.test_iteration7_regression.TestCameraStreams" name="test_client_sanitized_by_device" time="0.480" /><testcase classname="backend.tests.test_iteration7_regression.TestFlowmeterCategories" name="test_admin_get_categories" time="0.092" /><testcase classname="backend.tests.test_iteration7_regression" name="test_zzz_restore_ownership" time="0.198" /></testsuite></testsuites>