<?xml version="1.0" encoding="utf-8"?><testsuites name="pytest tests"><testsuite name="pytest" errors="0" failures="0" skipped="0" tests="12" time="2.788" timestamp="2026-07-11T09:29:36.702867+00:00" hostname="agent-env-b9f3dbf8-578c-413c-9b30-9ac416036c9e"><testcase classname="tests.test_iteration6_wq.TestDoTankConfigEndpoint" name="test_admin_can_save" time="0.514" /><testcase classname="tests.test_iteration6_wq.TestDoTankConfigEndpoint" name="test_stp_device_rejected" time="0.091" /><testcase classname="tests.test_iteration6_wq.TestDoTankConfigEndpoint" name="test_client_forbidden" time="0.411" /><testcase classname="tests.test_iteration6_wq.TestDoTankConfigEndpoint" name="test_unknown_device_404" time="0.137" /><testcase classname="tests.test_iteration6_wq.TestLatestDoTankConfigVisibility" name="test_admin_sees_full_config" time="0.222" /><testcase classname="tests.test_iteration6_wq.TestLatestDoTankConfigVisibility" name="test_client_sees_sanitized_config" time="0.458" /><testcase classname="tests.test_iteration6_wq.TestStpConfigParamRanges" name="test_admin_can_save_ranges_and_toggle_on" time="0.097" /><testcase classname="tests.test_iteration6_wq.TestStpConfigParamRanges" name="test_registry_dummy_config_synced_on" time="0.094" /><testcase classname="tests.test_iteration6_wq.TestStpConfigParamRanges" name="test_toggle_off_flips_dummy_config_off" time="0.282" /><testcase classname="tests.test_iteration6_wq.TestStpConfigParamRanges" name="test_client_forbidden" time="0.116" /><testcase classname="tests.test_iteration6_wq.TestDummyGeneratorRespectsRanges" name="test_five_readings_within_bands" time="0.092" /><testcase classname="tests.test_iteration6_wq" name="test_restore_ownership_before_exit" time="0.186" /></testsuite></testsuites>