<?xml version="1.0" encoding="utf-8"?><testsuites name="pytest tests"><testsuite name="pytest" errors="0" failures="0" skipped="0" tests="51" time="10.077" timestamp="2026-06-02T08:18:03.834662+00:00" hostname="agent-env-46ee9699-4529-489a-a920-1d404ad14a84"><testcase classname="backend.tests.backend_test.TestHealth" name="test_api_root" time="0.223" /><testcase classname="backend.tests.backend_test.TestAuth" name="test_admin_login_success" time="0.280" /><testcase classname="backend.tests.backend_test.TestAuth" name="test_login_invalid_credentials" time="0.278" /><testcase classname="backend.tests.backend_test.TestAuth" name="test_me_with_token" time="0.324" /><testcase classname="backend.tests.backend_test.TestAuth" name="test_me_without_token" time="0.050" /><testcase classname="backend.tests.backend_test.TestAuth" name="test_change_password_wrong_current" time="0.271" /><testcase classname="backend.tests.backend_test.TestAuth" name="test_change_password_then_revert" time="1.308" /><testcase classname="backend.tests.backend_test.TestAuth" name="test_change_password_short" time="0.269" /><testcase classname="backend.tests.backend_test.TestAdminUsers" name="test_list_users_requires_admin" time="0.053" /><testcase classname="backend.tests.backend_test.TestAdminUsers" name="test_list_users_admin" time="0.046" /><testcase classname="backend.tests.backend_test.TestAdminUsers" name="test_create_duplicate_email" time="0.323" /><testcase classname="backend.tests.backend_test.TestAdminUsers" name="test_create_short_password" time="0.053" /><testcase classname="backend.tests.backend_test.TestAdminUsers" name="test_toggle_user_status" time="0.365" /><testcase classname="backend.tests.backend_test.TestAdminUsers" name="test_admin_change_user_password" time="0.551" /><testcase classname="backend.tests.backend_test.TestAdminUsers" name="test_non_admin_cannot_admin_change_password" time="0.323" /><testcase classname="backend.tests.backend_test.TestAdminUsers" name="test_cannot_delete_self" time="0.098" /><testcase classname="backend.tests.backend_test.TestSiteActivation" name="test_activate_site[monthly-30]" time="0.053" /><testcase classname="backend.tests.backend_test.TestSiteActivation" name="test_activate_site[quarterly-90]" time="0.048" /><testcase classname="backend.tests.backend_test.TestSiteActivation" name="test_activate_site[yearly-365]" time="0.051" /><testcase classname="backend.tests.backend_test.TestSiteActivation" name="test_status_active" time="0.098" /><testcase classname="backend.tests.backend_test.TestSiteActivation" name="test_status_inactive_for_unknown_user" time="0.058" /><testcase classname="backend.tests.backend_test.TestSiteActivation" name="test_list_activations" time="0.051" /><testcase classname="backend.tests.backend_test.TestDataExport" name="test_csv_export_requires_admin" time="0.048" /><testcase classname="backend.tests.backend_test.TestDataExport" name="test_csv_export" time="0.076" /><testcase classname="backend.tests.backend_test.TestDataExport" name="test_pdf_export" time="0.055" /><testcase classname="backend.tests.backend_test.TestDataExport" name="test_export_invalid_format" time="0.055" /><testcase classname="backend.tests.backend_test.TestDataExport" name="test_import_rejects_non_excel" time="0.127" /><testcase classname="backend.tests.backend_test.TestFlowmeterPublic" name="test_status_public" time="0.052" /><testcase classname="backend.tests.backend_test.TestFlowmeterPublic" name="test_latest_public" time="0.053" /><testcase classname="backend.tests.backend_test.TestFlowmeterPublic" name="test_history_public" time="0.050" /><testcase classname="backend.tests.backend_test.TestAdminGuard" name="test_no_token_blocked[/admin/users/list]" time="0.072" /><testcase classname="backend.tests.backend_test.TestAdminGuard" name="test_no_token_blocked[/admin/site/activations]" time="0.049" /><testcase classname="backend.tests.backend_test.TestAdminGuard" name="test_no_token_blocked[/admin/data/export?format=csv]" time="0.055" /><testcase classname="backend.tests.backend_test.TestBruteForce" name="test_lockout_after_5_failures" time="0.375" /><testcase classname="backend.tests.backend_test.TestInstruments" name="test_types_only_supported" time="0.054" /><testcase classname="backend.tests.backend_test.TestInstruments" name="test_all_latest_no_auth" time="0.051" /><testcase classname="backend.tests.backend_test.TestInstruments" name="test_ingest_dwlr_and_visible" time="0.113" /><testcase classname="backend.tests.backend_test.TestInstruments" name="test_ingest_unsupported_type_400" time="0.047" /><testcase classname="backend.tests.backend_test.TestInstruments" name="test_ingest_requires_admin" time="0.050" /><testcase classname="backend.tests.backend_test.TestUserLocations" name="test_create_user_with_location" time="0.381" /><testcase classname="backend.tests.backend_test.TestUserLocations" name="test_admin_seeded_with_lucknow" time="0.051" /><testcase classname="backend.tests.backend_test.TestUserLocations" name="test_locations_endpoint_admin" time="0.051" /><testcase classname="backend.tests.backend_test.TestUserLocations" name="test_locations_endpoint_client" time="0.664" /><testcase classname="backend.tests.backend_test.TestUserLocations" name="test_update_user_fields" time="0.105" /><testcase classname="backend.tests.backend_test.TestUserLocations" name="test_update_user_invalid_role" time="0.050" /><testcase classname="backend.tests.backend_test.TestCertificates" name="test_types_endpoint" time="0.050" /><testcase classname="backend.tests.backend_test.TestCertificates" name="test_upload_requires_admin" time="0.116" /><testcase classname="backend.tests.backend_test.TestCertificates" name="test_upload_and_list_and_download_and_delete" time="0.319" /><testcase classname="backend.tests.backend_test.TestCertificates" name="test_upload_rejects_exe" time="0.112" /><testcase classname="backend.tests.backend_test.TestCertificates" name="test_upload_rejects_large_file" time="0.463" /><testcase classname="backend.tests.backend_test.TestCertificates" name="test_client_only_sees_own" time="0.826" /></testsuite></testsuites>