<?xml version="1.0" encoding="utf-8"?><testsuites name="pytest tests"><testsuite name="pytest" errors="0" failures="4" skipped="0" tests="109" time="22.502" timestamp="2026-06-17T18:13:17.508902+00:00" hostname="agent-env-0f636bbf-f147-4d29-be3a-8a528119c8c8"><testcase classname="backend.tests.backend_test.TestHealth" name="test_api_root" time="0.267" /><testcase classname="backend.tests.backend_test.TestAuth" name="test_admin_login_success" time="0.273" /><testcase classname="backend.tests.backend_test.TestAuth" name="test_login_invalid_credentials" time="0.272" /><testcase classname="backend.tests.backend_test.TestAuth" name="test_me_with_token" time="0.314" /><testcase classname="backend.tests.backend_test.TestAuth" name="test_me_without_token" time="0.042" /><testcase classname="backend.tests.backend_test.TestAuth" name="test_change_password_wrong_current" time="0.269" /><testcase classname="backend.tests.backend_test.TestAuth" name="test_change_password_then_revert" time="1.255" /><testcase classname="backend.tests.backend_test.TestAuth" name="test_change_password_short" time="0.274" /><testcase classname="backend.tests.backend_test.TestAdminUsers" name="test_list_users_requires_admin" time="0.048" /><testcase classname="backend.tests.backend_test.TestAdminUsers" name="test_list_users_admin" time="0.048" /><testcase classname="backend.tests.backend_test.TestAdminUsers" name="test_create_duplicate_email" time="0.324" /><testcase classname="backend.tests.backend_test.TestAdminUsers" name="test_create_short_password" time="0.054" /><testcase classname="backend.tests.backend_test.TestAdminUsers" name="test_toggle_user_status" time="0.371" /><testcase classname="backend.tests.backend_test.TestAdminUsers" name="test_admin_change_user_password" time="0.537" /><testcase classname="backend.tests.backend_test.TestAdminUsers" name="test_non_admin_cannot_admin_change_password" time="0.314" /><testcase classname="backend.tests.backend_test.TestAdminUsers" name="test_cannot_delete_self" time="0.090" /><testcase classname="backend.tests.backend_test.TestSiteActivation" name="test_activate_site[monthly-30]" time="0.057" /><testcase classname="backend.tests.backend_test.TestSiteActivation" name="test_activate_site[quarterly-90]" time="0.049" /><testcase classname="backend.tests.backend_test.TestSiteActivation" name="test_activate_site[yearly-365]" time="0.047" /><testcase classname="backend.tests.backend_test.TestSiteActivation" name="test_status_active" time="0.087" /><testcase classname="backend.tests.backend_test.TestSiteActivation" name="test_status_inactive_for_unknown_user" time="0.045" /><testcase classname="backend.tests.backend_test.TestSiteActivation" name="test_list_activations" time="0.048" /><testcase classname="backend.tests.backend_test.TestDataExport" name="test_csv_export_requires_admin" time="0.044" /><testcase classname="backend.tests.backend_test.TestDataExport" name="test_csv_export" time="0.057" /><testcase classname="backend.tests.backend_test.TestDataExport" name="test_pdf_export" time="0.052" /><testcase classname="backend.tests.backend_test.TestDataExport" name="test_export_invalid_format" time="0.048" /><testcase classname="backend.tests.backend_test.TestDataExport" name="test_import_rejects_non_excel" time="0.204" /><testcase classname="backend.tests.backend_test.TestFlowmeterPublic" name="test_status_public" time="0.045" /><testcase classname="backend.tests.backend_test.TestFlowmeterPublic" name="test_latest_public" time="0.046"><failure message="assert 401 == 200&#10; +  where 401 = &lt;Response [401]&gt;.status_code">backend/tests/backend_test.py:302: in test_latest_public
    assert r.status_code == 200
E   assert 401 == 200
E    +  where 401 = &lt;Response [401]&gt;.status_code</failure></testcase><testcase classname="backend.tests.backend_test.TestFlowmeterPublic" name="test_history_public" time="0.047" /><testcase classname="backend.tests.backend_test.TestAdminGuard" name="test_no_token_blocked[/admin/users/list]" time="0.044" /><testcase classname="backend.tests.backend_test.TestAdminGuard" name="test_no_token_blocked[/admin/site/activations]" time="0.042" /><testcase classname="backend.tests.backend_test.TestAdminGuard" name="test_no_token_blocked[/admin/data/export?format=csv]" time="0.047" /><testcase classname="backend.tests.backend_test.TestBruteForce" name="test_lockout_after_5_failures" time="0.409" /><testcase classname="backend.tests.backend_test.TestInstruments" name="test_types_only_supported" time="0.043" /><testcase classname="backend.tests.backend_test.TestInstruments" name="test_all_latest_no_auth" time="0.045"><failure message="assert 401 == 200&#10; +  where 401 = &lt;Response [401]&gt;.status_code">backend/tests/backend_test.py:359: in test_all_latest_no_auth
    assert r.status_code == 200
E   assert 401 == 200
E    +  where 401 = &lt;Response [401]&gt;.status_code</failure></testcase><testcase classname="backend.tests.backend_test.TestInstruments" name="test_ingest_dwlr_and_visible" time="0.116"><failure message="assert 401 == 200&#10; +  where 401 = &lt;Response [401]&gt;.status_code">backend/tests/backend_test.py:372: in test_ingest_dwlr_and_visible
    assert r2.status_code == 200
E   assert 401 == 200
E    +  where 401 = &lt;Response [401]&gt;.status_code</failure></testcase><testcase classname="backend.tests.backend_test.TestInstruments" name="test_ingest_unsupported_type_400" time="0.047" /><testcase classname="backend.tests.backend_test.TestInstruments" name="test_ingest_requires_admin" time="0.045" /><testcase classname="backend.tests.backend_test.TestUserLocations" name="test_create_user_with_location" time="0.370" /><testcase classname="backend.tests.backend_test.TestUserLocations" name="test_admin_seeded_with_lucknow" time="0.045" /><testcase classname="backend.tests.backend_test.TestUserLocations" name="test_locations_endpoint_admin" time="0.051" /><testcase classname="backend.tests.backend_test.TestUserLocations" name="test_locations_endpoint_client" time="0.643" /><testcase classname="backend.tests.backend_test.TestUserLocations" name="test_update_user_fields" time="0.104" /><testcase classname="backend.tests.backend_test.TestUserLocations" name="test_update_user_invalid_role" time="0.047" /><testcase classname="backend.tests.backend_test.TestCertificates" name="test_types_endpoint" time="0.048" /><testcase classname="backend.tests.backend_test.TestCertificates" name="test_upload_requires_admin" time="0.098" /><testcase classname="backend.tests.backend_test.TestCertificates" name="test_upload_and_list_and_download_and_delete" time="0.305" /><testcase classname="backend.tests.backend_test.TestCertificates" name="test_upload_rejects_exe" time="0.150" /><testcase classname="backend.tests.backend_test.TestCertificates" name="test_upload_rejects_large_file" time="0.471" /><testcase classname="backend.tests.backend_test.TestCertificates" name="test_client_only_sees_own" time="0.884" /><testcase classname="backend.tests.backend_test.TestFlowmeterMgmt" name="test_ingest_requires_admin" time="0.048" /><testcase classname="backend.tests.backend_test.TestFlowmeterMgmt" name="test_set_category_and_list" time="0.428"><failure message="AssertionError: assert 'TEST_FM_e9ae56' in {}">backend/tests/backend_test.py:618: in test_set_category_and_list
    assert hw in cats
E   AssertionError: assert 'TEST_FM_e9ae56' in {}</failure></testcase><testcase classname="backend.tests.backend_test.TestFlowmeterMgmt" name="test_set_category_invalid" time="0.098" /><testcase classname="backend.tests.backend_test.TestFlowmeterMgmt" name="test_set_category_stp_inlet_and_outlet" time="0.273" /><testcase classname="backend.tests.backend_test.TestFlowmeterMgmt" name="test_aggregate_endpoint" time="0.107" /><testcase classname="backend.tests.backend_test.TestFlowmeterMgmt" name="test_hourly_buckets" time="0.116" /><testcase classname="backend.tests.backend_test.TestFlowmeterMgmt" name="test_history_returns_string_ids" time="0.137" /><testcase classname="backend.tests.backend_test.TestFlowmeterMgmt" name="test_edit_flowmeter_valid_between_neighbours" time="0.290" /><testcase classname="backend.tests.backend_test.TestFlowmeterMgmt" name="test_edit_flowmeter_less_than_previous_rejected" time="0.210" /><testcase classname="backend.tests.backend_test.TestFlowmeterMgmt" name="test_edit_flowmeter_greater_than_next_rejected" time="0.257" /><testcase classname="backend.tests.backend_test.TestFlowmeterMgmt" name="test_edit_flowmeter_invalid_id" time="0.111" /><testcase classname="backend.tests.backend_test.TestFlowmeterMgmt" name="test_delete_flowmeter_reading" time="0.362" /><testcase classname="backend.tests.backend_test.TestInstrumentEditDelete" name="test_history_returns_string_ids" time="0.149" /><testcase classname="backend.tests.backend_test.TestInstrumentEditDelete" name="test_edit_instrument_merges_values" time="0.196" /><testcase classname="backend.tests.backend_test.TestInstrumentEditDelete" name="test_edit_instrument_invalid_id" time="0.096" /><testcase classname="backend.tests.backend_test.TestInstrumentEditDelete" name="test_delete_instrument_reading" time="0.219" /><testcase classname="backend.tests.backend_test.TestCertificateMonth" name="test_upload_with_valid_month" time="0.204" /><testcase classname="backend.tests.backend_test.TestCertificateMonth" name="test_upload_rejects_month_13" time="0.101" /><testcase classname="backend.tests.backend_test.TestCertificateMonth" name="test_upload_without_month_still_works" time="0.212" /><testcase classname="backend.tests.backend_test.TestAuditLog" name="test_summary_requires_token" time="0.047" /><testcase classname="backend.tests.backend_test.TestAuditLog" name="test_summary_forbidden_for_client" time="0.655" /><testcase classname="backend.tests.backend_test.TestAuditLog" name="test_reading_edits_requires_token" time="0.048" /><testcase classname="backend.tests.backend_test.TestAuditLog" name="test_summary_shape_and_counts" time="0.925" /><testcase classname="backend.tests.backend_test.TestAuditLog" name="test_reading_edits_shape" time="0.103" /><testcase classname="backend.tests.backend_test.TestAuditLog" name="test_reading_edits_sorted_desc" time="0.106" /><testcase classname="backend.tests.backend_test.TestAuditLog" name="test_filter_instrument_type_flowmeter" time="0.108" /><testcase classname="backend.tests.backend_test.TestAuditLog" name="test_filter_instrument_type_dwlr" time="0.171" /><testcase classname="backend.tests.backend_test.TestAuditLog" name="test_filter_hardware_id" time="0.108" /><testcase classname="backend.tests.backend_test.TestAuditLog" name="test_filter_limit_one" time="0.106" /><testcase classname="backend.tests.backend_test.TestAuditLog" name="test_dwlr_edit_source_is_dwlr_not_instrument" time="0.107" /><testcase classname="backend.tests.backend_test.TestReports" name="test_flow_vs_level_requires_auth" time="0.046" /><testcase classname="backend.tests.backend_test.TestReports" name="test_flow_vs_level_shape" time="0.053" /><testcase classname="backend.tests.backend_test.TestReports" name="test_level_vs_rainfall_shape" time="2.353" /><testcase classname="backend.tests.backend_test.TestReports" name="test_borewell_consumption_json" time="0.054" /><testcase classname="backend.tests.backend_test.TestReports" name="test_borewell_consumption_csv" time="0.051" /><testcase classname="backend.tests.backend_test.TestReports" name="test_hourly_pumping_vs_level" time="0.063" /><testcase classname="backend.tests.backend_test.TestWeatherWaterbody" name="test_waterbody_requires_auth" time="0.047" /><testcase classname="backend.tests.backend_test.TestWeatherWaterbody" name="test_waterbody_admin_profile_lucknow" time="0.053" /><testcase classname="backend.tests.backend_test.TestWeatherWaterbody" name="test_waterbody_explicit_coords" time="0.046" /><testcase classname="backend.tests.backend_test.TestSubUsers" name="test_create_returns_normalised_permissions" time="0.433" /><testcase classname="backend.tests.backend_test.TestSubUsers" name="test_create_short_password_rejected" time="0.107" /><testcase classname="backend.tests.backend_test.TestSubUsers" name="test_create_duplicate_email_rejected" time="0.105" /><testcase classname="backend.tests.backend_test.TestSubUsers" name="test_list_requires_admin" time="0.045" /><testcase classname="backend.tests.backend_test.TestSubUsers" name="test_update_permissions" time="0.212" /><testcase classname="backend.tests.backend_test.TestSubUsers" name="test_subuser_can_login" time="0.341" /><testcase classname="backend.tests.backend_test.TestSubUsers" name="test_toggle_active_then_login_blocked" time="0.811" /><testcase classname="backend.tests.backend_test.TestLimits" name="test_list_requires_auth" time="0.048" /><testcase classname="backend.tests.backend_test.TestLimits" name="test_list_contains_created" time="0.212" /><testcase classname="backend.tests.backend_test.TestLimits" name="test_update_limit" time="0.099" /><testcase classname="backend.tests.backend_test.TestLimits" name="test_create_duplicate_rejected" time="0.104" /><testcase classname="backend.tests.backend_test.TestLimits" name="test_check_now_no_resend_key" time="0.099" /><testcase classname="backend.tests.backend_test.TestLimits" name="test_delete_limit" time="0.437" /><testcase classname="backend.tests.backend_test.TestRenewals" name="test_list_requires_admin" time="0.049" /><testcase classname="backend.tests.backend_test.TestRenewals" name="test_list_renewals_shape" time="0.048" /><testcase classname="backend.tests.backend_test.TestRenewals" name="test_update_term_to_expiring" time="0.048" /><testcase classname="backend.tests.backend_test.TestRenewals" name="test_update_invalid_date" time="0.049" /><testcase classname="backend.tests.backend_test.TestRenewals" name="test_run_now" time="0.050" /><testcase classname="backend.tests.backend_test.TestLoginPermissions" name="test_admin_login_has_permissions_field" time="0.317" /></testsuite></testsuites>