<?xml version="1.0" encoding="utf-8"?><testsuites name="pytest tests"><testsuite name="pytest" errors="0" failures="0" skipped="0" tests="16" time="3.057" timestamp="2026-07-11T08:43:32.897190+00:00" hostname="agent-env-b9f3dbf8-578c-413c-9b30-9ac416036c9e"><testcase classname="backend.tests.test_water_quality_stp.TestSTPConfig" name="test_admin_put_stp_config_returns_derived" time="0.505" /><testcase classname="backend.tests.test_water_quality_stp.TestSTPConfig" name="test_admin_get_stp_config_recomputes" time="0.042" /><testcase classname="backend.tests.test_water_quality_stp.TestSTPConfig" name="test_client_put_stp_config_forbidden" time="0.666" /><testcase classname="backend.tests.test_water_quality_stp.TestSTPConfig" name="test_put_stp_config_bad_flowmeter_linkage" time="0.083" /><testcase classname="backend.tests.test_water_quality_stp.TestSTPConfig" name="test_energy_manual_mode_override" time="0.083" /><testcase classname="backend.tests.test_water_quality_stp.TestAerationVideoUpload" name="test_sample_mp4_exists" time="0.000" /><testcase classname="backend.tests.test_water_quality_stp.TestAerationVideoUpload" name="test_upload_tank1_admin" time="0.153" /><testcase classname="backend.tests.test_water_quality_stp.TestAerationVideoUpload" name="test_upload_tank2_admin" time="0.390" /><testcase classname="backend.tests.test_water_quality_stp.TestAerationVideoUpload" name="test_upload_invalid_tank_number" time="0.387" /><testcase classname="backend.tests.test_water_quality_stp.TestAerationVideoUpload" name="test_upload_bad_extension" time="0.093" /><testcase classname="backend.tests.test_water_quality_stp.TestAerationVideoUpload" name="test_upload_non_admin_forbidden" time="0.156" /><testcase classname="backend.tests.test_water_quality_stp.TestAerationVideoUpload" name="test_streamed_url_returns_video_bytes" time="0.160" /><testcase classname="backend.tests.test_water_quality_stp.TestAerationVideoUpload" name="test_latest_exposes_registry_fields" time="0.044" /><testcase classname="backend.tests.test_water_quality_stp.TestAerationVideoUpload" name="test_delete_tank1_admin" time="0.085" /><testcase classname="backend.tests.test_water_quality_stp.TestAerationVideoUpload" name="test_delete_idempotent" time="0.040" /><testcase classname="backend.tests.test_water_quality_stp.TestAerationVideoUpload" name="test_delete_tank2_cleanup" time="0.087" /></testsuite></testsuites>